<?xml version="1.0" encoding="UTF-8"?>
<!-- Generated by org.testng.reporters.JUnitReportReporter -->
<testsuite name="Test.BasicOfRestAssured" tests="2" time="5.196" ignored="0" failures="0" timestamp="15 Feb 2020 06:29:37 GMT" skipped="0" hostname="jigar-PC" errors="0">
  <testcase name="TestGoogle" time="1.404" classname="Test.BasicOfRestAssured"/>
  <testcase name="TestF1" time="3.792" classname="Test.BasicOfRestAssured"/>
</testsuite> <!-- Test.BasicOfRestAssured -->
